Using pre-set license
Built from '2022.3/staging' branch; Version is '2022.3.29f1 (8d510ca76d2b) revision 9261324'; Using compiler version '192829333'; Build Type 'Release'
OS: 'Windows 10  (10.0.19045) 64bit Professional' Language: 'ru' Physical Memory: 16218 MB
BatchMode: 1, IsHumanControllingUs: 0, StartBugReporterOnCrash: 0, Is64bit: 1, IsPro: 1

COMMAND LINE ARGUMENTS:
C:\Program Files\Unity\Hub\Editor\2022.3.29f1\Editor\Unity.exe
-adb2
-batchMode
-noUpm
-name
AssetImportWorker0
-projectPath
C:/Users/User/My project
-logFile
Logs/AssetImportWorker0.log
-srvPort
11882
Successfully changed project path to: C:/Users/User/My project
C:/Users/User/My project
[UnityMemory] Configuration Parameters - Can be set up in boot.config
    "memorysetup-bucket-allocator-granularity=16"
    "memorysetup-bucket-allocator-bucket-count=8"
    "memorysetup-bucket-allocator-block-size=33554432"
    "memorysetup-bucket-allocator-block-count=8"
    "memorysetup-main-allocator-block-size=16777216"
    "memorysetup-thread-allocator-block-size=16777216"
    "memorysetup-gfx-main-allocator-block-size=16777216"
    "memorysetup-gfx-thread-allocator-block-size=16777216"
    "memorysetup-cache-allocator-block-size=4194304"
    "memorysetup-typetree-allocator-block-size=2097152"
    "memorysetup-profiler-bucket-allocator-granularity=16"
    "memorysetup-profiler-bucket-allocator-bucket-count=8"
    "memorysetup-profiler-bucket-allocator-block-size=33554432"
    "memorysetup-profiler-bucket-allocator-block-count=8"
    "memorysetup-profiler-allocator-block-size=16777216"
    "memorysetup-profiler-editor-allocator-block-size=1048576"
    "memorysetup-temp-allocator-size-main=16777216"
    "memorysetup-job-temp-allocator-block-size=2097152"
    "memorysetup-job-temp-allocator-block-size-background=1048576"
    "memorysetup-job-temp-allocator-reduction-small-platforms=262144"
    "memorysetup-allocator-temp-initial-block-size-main=262144"
    "memorysetup-allocator-temp-initial-block-size-worker=262144"
    "memorysetup-temp-allocator-size-background-worker=32768"
    "memorysetup-temp-allocator-size-job-worker=262144"
    "memorysetup-temp-allocator-size-preload-manager=33554432"
    "memorysetup-temp-allocator-size-nav-mesh-worker=65536"
    "memorysetup-temp-allocator-size-audio-worker=65536"
    "memorysetup-temp-allocator-size-cloud-worker=32768"
    "memorysetup-temp-allocator-size-gi-baking-worker=262144"
    "memorysetup-temp-allocator-size-gfx=262144"
Unable to join player connection multicast group (err: 10013).
Player connection [14960] Host "[IP] 192.168.1.104 [Port] 0 [Flags] 2 [Guid] 905121460 [EditorId] 905121460 [Version] 1048832 [Id] WindowsEditor(7,DESKTOP-HOS9PGL) [Debug] 1 [PackageName] WindowsEditor [ProjectName] Editor" joined alternative multi-casting on [225.0.0.222:34997]...

[Physics::Module] Initialized MultithreadedJobDispatcher with 11 workers.
Refreshing native plugins compatible for Editor in 8.17 ms, found 3 plugins.
Preloading 0 native plugins for Editor in 0.00 ms.
Initialize engine version: 2022.3.29f1 (8d510ca76d2b)
[Subsystems] Discovering subsystems at path C:/Program Files/Unity/Hub/Editor/2022.3.29f1/Editor/Data/Resources/UnitySubsystems
[Subsystems] Discovering subsystems at path C:/Users/User/My project/Assets
GfxDevice: creating device client; threaded=0; jobified=0
Direct3D:
    Version:  Direct3D 11.0 [level 11.1]
    Renderer: NVIDIA GeForce RTX 3070 (ID=0x2488)
    Vendor:   NVIDIA
    VRAM:     8018 MB
    Driver:   31.0.15.5186
Initialize mono
Mono path[0] = 'C:/Program Files/Unity/Hub/Editor/2022.3.29f1/Editor/Data/Managed'
Mono path[1] = 'C:/Program Files/Unity/Hub/Editor/2022.3.29f1/Editor/Data/MonoBleedingEdge/lib/mono/unityjit-win32'
Mono config path = 'C:/Program Files/Unity/Hub/Editor/2022.3.29f1/Editor/Data/MonoBleedingEdge/etc'
Using monoOptions --debugger-agent=transport=dt_socket,embedding=1,server=y,suspend=n,address=127.0.0.1:56092
Begin MonoManager ReloadAssembly
Registering precompiled unity dll's ...
Register platform support module: C:/Program Files/Unity/Hub/Editor/2022.3.29f1/Editor/Data/PlaybackEngines/WindowsStandaloneSupport/UnityEditor.WindowsStandalone.Extensions.dll
Registered in 0.007947 seconds.
- Loaded All Assemblies, in  0.271 seconds
Native extension for WindowsStandalone target not found
Mono: successfully reloaded assembly
- Finished resetting the current domain, in  0.202 seconds
Domain Reload Profiling: 471ms
	BeginReloadAssembly (85ms)
		ExecutionOrderSort (0ms)
		DisableScriptedObjects (0ms)
		BackupInstance (0ms)
		ReleaseScriptingObjects (0ms)
		CreateAndSetChildDomain (1ms)
	RebuildCommonClasses (28ms)
	RebuildNativeTypeToScriptingClass (7ms)
	initialDomainReloadingComplete (50ms)
	LoadAllAssembliesAndSetupDomain (98ms)
		LoadAssemblies (83ms)
		RebuildTransferFunctionScriptingTraits (0ms)
		AnalyzeDomain (97ms)
			TypeCache.Refresh (96ms)
				TypeCache.ScanAssembly (86ms)
			ScanForSourceGeneratedMonoScriptInfo (0ms)
			ResolveRequiredComponents (0ms)
	FinalizeReload (202ms)
		ReleaseScriptCaches (0ms)
		RebuildScriptCaches (0ms)
		SetupLoadedEditorAssemblies (162ms)
			LogAssemblyErrors (0ms)
			InitializePlatformSupportModulesInManaged (8ms)
			SetLoadedEditorAssemblies (5ms)
			RefreshPlugins (0ms)
			BeforeProcessingInitializeOnLoad (2ms)
			ProcessInitializeOnLoadAttributes (107ms)
			ProcessInitializeOnLoadMethodAttributes (39ms)
			AfterProcessingInitializeOnLoad (0ms)
			EditorAssembliesLoaded (0ms)
		ExecutionOrderSort2 (0ms)
		AwakeInstancesAfterBackupRestoration (0ms)
========================================================================
Worker process is ready to serve import requests
Begin MonoManager ReloadAssembly
- Loaded All Assemblies, in  0.464 seconds
Refreshing native plugins compatible for Editor in 3.13 ms, found 3 plugins.
Native extension for WindowsStandalone target not found
Package Manager log level set to [2]
[Package Manager] Server::EnsureServerProcessIsRunning -- launch failed, reason: Unity was launched with the -noUpm command-line argument
[Package Manager] UpmClient::Send -- Unable to send message (not connected to UPM process).
[Package Manager] Cannot connect to Unity Package Manager local server
Mono: successfully reloaded assembly
- Finished resetting the current domain, in  0.492 seconds
Domain Reload Profiling: 953ms
	BeginReloadAssembly (109ms)
		ExecutionOrderSort (0ms)
		DisableScriptedObjects (3ms)
		BackupInstance (0ms)
		ReleaseScriptingObjects (0ms)
		CreateAndSetChildDomain (15ms)
	RebuildCommonClasses (23ms)
	RebuildNativeTypeToScriptingClass (7ms)
	initialDomainReloadingComplete (31ms)
	LoadAllAssembliesAndSetupDomain (290ms)
		LoadAssemblies (227ms)
		RebuildTransferFunctionScriptingTraits (0ms)
		AnalyzeDomain (130ms)
			TypeCache.Refresh (114ms)
				TypeCache.ScanAssembly (104ms)
			ScanForSourceGeneratedMonoScriptInfo (11ms)
			ResolveRequiredComponents (4ms)
	FinalizeReload (492ms)
		ReleaseScriptCaches (0ms)
		RebuildScriptCaches (0ms)
		SetupLoadedEditorAssemblies (381ms)
			LogAssemblyErrors (0ms)
			InitializePlatformSupportModulesInManaged (7ms)
			SetLoadedEditorAssemblies (4ms)
			RefreshPlugins (0ms)
			BeforeProcessingInitializeOnLoad (53ms)
			ProcessInitializeOnLoadAttributes (287ms)
			ProcessInitializeOnLoadMethodAttributes (22ms)
			AfterProcessingInitializeOnLoad (8ms)
			EditorAssembliesLoaded (0ms)
		ExecutionOrderSort2 (0ms)
		AwakeInstancesAfterBackupRestoration (6ms)
Launched and connected shader compiler UnityShaderCompiler.exe after 0.08 seconds
Refreshing native plugins compatible for Editor in 4.87 ms, found 3 plugins.
Preloading 0 native plugins for Editor in 0.00 ms.
Unloading 3094 Unused Serialized files (Serialized files now loaded: 0)
Unloading 33 unused Assets / (57.6 KB). Loaded Objects now: 3554.
Memory consumption went from 119.2 MB to 119.1 MB.
Total: 3.205400 ms (FindLiveObjects: 0.194400 ms CreateObjectMapping: 0.116400 ms MarkObjects: 2.758000 ms  DeleteObjects: 0.135500 ms)

AssetImportParameters requested are different than current active one (requested -> active):
  custom:container-demuxer-ogg: 62fdf1f143b41e24485cea50d1cbac27 -> 
  custom:video-decoder-ogg-theora: a1e56fd34408186e4bbccfd4996cb3dc -> 
  custom:framework-win-MediaFoundation: 216162199b28c13a410421893ffa2e32 -> 
  custom:CustomObjectIndexerAttribute: 9a22284fe3817be447336de3de66b15e -> 
  custom:container-demuxer-webm: 4f35f7cbe854078d1ac9338744f61a02 -> 
  custom:container-muxer-webm: aa71ff27fc2769a1b78a27578f13a17b -> 
  custom:video-decoder-webm-vp8: 9c59270c3fd7afecdb556c50c9e8de78 -> 
  custom:SearchIndexIgnoredProperties: e643bd26f0fe6173181afceb89e7c659 -> 
  custom:AudioImporter_EditorPlatform: d09bf68614088b80899f8185d706f6e7 -> 
  custom:video-encoder-webm-vp8: eb34c28f22e8b96e1ab97ce403110664 -> 
  custom:audio-decoder-ogg-vorbis: bf7c407c2cedff20999df2af8eb42d56 -> 
  custom:audio-encoder-webm-vorbis: bf7c407c2cedff20999df2af8eb42d56 -> 
========================================================================
Received Import Request.
  Time since last request: 306403.770616 seconds.
  path: Assets/nt2c2mxl0kqo-IRAmk4v3.7z
  artifactKey: Guid(2e73b446a7eba16468d01e9c561e0ec8) Importer(815301076,1909f56bfc062723c751e8b465ee728b)
Start importing Assets/nt2c2mxl0kqo-IRAmk4v3.7z using Guid(2e73b446a7eba16468d01e9c561e0ec8) Importer(815301076,1909f56bfc062723c751e8b465ee728b)  -> (artifact id: '16fc87c8ca4def0972b4ed0382e20f5d') in 0.009185 seconds
Number of updated asset objects reloaded before import = 0
Number of asset objects unloaded after import = 1
========================================================================
Received Import Request.
  Time since last request: 10.042941 seconds.
  path: Assets/IRAmk4.3ds
  artifactKey: Guid(c5a0c6c7a9c91044a8f8f16b604939cf) Importer(815301076,1909f56bfc062723c751e8b465ee728b)
Start importing Assets/IRAmk4.3ds using Guid(c5a0c6c7a9c91044a8f8f16b604939cf) Importer(815301076,1909f56bfc062723c751e8b465ee728b)  -> (artifact id: 'e501579f54e7a08dd18457c5adf8d7eb') in 2.275204 seconds
Number of updated asset objects reloaded before import = 0
Number of asset objects unloaded after import = 822
========================================================================
Received Import Request.
  Time since last request: 327.652835 seconds.
  path: Assets/86578048609f1f7f7f1211d4f7cc3a37.stl
  artifactKey: Guid(bf6758d35e0a25d4aa350b4fdbf4a17b) Importer(815301076,1909f56bfc062723c751e8b465ee728b)
Start importing Assets/86578048609f1f7f7f1211d4f7cc3a37.stl using Guid(bf6758d35e0a25d4aa350b4fdbf4a17b) Importer(815301076,1909f56bfc062723c751e8b465ee728b)  -> (artifact id: '91dc792ccc783ab338f76402a72b7a58') in 0.001627 seconds
Number of updated asset objects reloaded before import = 0
Number of asset objects unloaded after import = 1
========================================================================
Received Import Request.
  Time since last request: 475.188852 seconds.
  path: Assets/base robot.obj
  artifactKey: Guid(c4ccc87a45f862c41af25d4fe1127269) Importer(815301076,1909f56bfc062723c751e8b465ee728b)
Start importing Assets/base robot.obj using Guid(c4ccc87a45f862c41af25d4fe1127269) Importer(815301076,1909f56bfc062723c751e8b465ee728b)  -> (artifact id: 'd741074d26f334798bd730e4aabfb04b') in 0.046258 seconds
Number of updated asset objects reloaded before import = 0
Number of asset objects unloaded after import = 10
========================================================================
Received Import Request.
  Time since last request: 26.157475 seconds.
  path: Assets/textures
  artifactKey: Guid(934343ca5e625554d9e9731629392b93) Importer(815301076,1909f56bfc062723c751e8b465ee728b)
Start importing Assets/textures using Guid(934343ca5e625554d9e9731629392b93) Importer(815301076,1909f56bfc062723c751e8b465ee728b)  -> (artifact id: 'e33972a6bb4c6392f4f6d2faace61f9f') in 0.000420 seconds
Number of updated asset objects reloaded before import = 0
Number of asset objects unloaded after import = 0
========================================================================
Received Import Request.
  Time since last request: 0.065201 seconds.
  path: Assets/textures/None_Base_Color.png
  artifactKey: Guid(06949b70d784b704f9e7e7231a5f321c) Importer(815301076,1909f56bfc062723c751e8b465ee728b)
Start importing Assets/textures/None_Base_Color.png using Guid(06949b70d784b704f9e7e7231a5f321c) Importer(815301076,1909f56bfc062723c751e8b465ee728b)  -> (artifact id: '65fd153e2a06c14842db4c17596ee818') in 0.063835 seconds
Number of updated asset objects reloaded before import = 0
Number of asset objects unloaded after import = 2
========================================================================
Received Import Request.
  Time since last request: 0.000015 seconds.
  path: Assets/textures/None_Normal.png
  artifactKey: Guid(44d61f1abcb45b3428f956e939904a17) Importer(815301076,1909f56bfc062723c751e8b465ee728b)
Start importing Assets/textures/None_Normal.png using Guid(44d61f1abcb45b3428f956e939904a17) Importer(815301076,1909f56bfc062723c751e8b465ee728b)  -> (artifact id: '5664ef971d4fca13ba13892f4da88b18') in 0.094234 seconds
Number of updated asset objects reloaded before import = 0
Number of asset objects unloaded after import = 2
========================================================================
Received Import Request.
  Time since last request: 0.000028 seconds.
  path: Assets/textures/None_Roughness.png
  artifactKey: Guid(917daec2c86be4e46abc30e7d5e734be) Importer(815301076,1909f56bfc062723c751e8b465ee728b)
Start importing Assets/textures/None_Roughness.png using Guid(917daec2c86be4e46abc30e7d5e734be) Importer(815301076,1909f56bfc062723c751e8b465ee728b)  -> (artifact id: '4ad8bfac4f1bfbe5886ebd48cfc46a87') in 0.059359 seconds
Number of updated asset objects reloaded before import = 0
Number of asset objects unloaded after import = 2
========================================================================
Received Import Request.
  Time since last request: 48.605415 seconds.
  path: Assets
  artifactKey: Guid(00000000000000001000000000000000) Importer(815301076,1909f56bfc062723c751e8b465ee728b)
Start importing Assets using Guid(00000000000000001000000000000000) Importer(815301076,1909f56bfc062723c751e8b465ee728b)  -> (artifact id: 'ae5280ad91af67e2a353905758f96678') in 0.000423 seconds
Number of updated asset objects reloaded before import = 0
Number of asset objects unloaded after import = 0
========================================================================
Received Import Request.
  Time since last request: 8.764436 seconds.
  path: Assets/1.mat
  artifactKey: Guid(93202fac4b4e28344847b62b3d0a9445) Importer(815301076,1909f56bfc062723c751e8b465ee728b)
Start importing Assets/1.mat using Guid(93202fac4b4e28344847b62b3d0a9445) Importer(815301076,1909f56bfc062723c751e8b465ee728b)  -> (artifact id: 'cde54f153ca0ea2fd4110cb172701744') in 0.005561 seconds
Number of updated asset objects reloaded before import = 0
Number of asset objects unloaded after import = 1
========================================================================
Received Import Request.
  Time since last request: 212.899787 seconds.
  path: Assets/M_table.fbx
  artifactKey: Guid(864875f5d595b7f45b94b0b66cb1617c) Importer(815301076,1909f56bfc062723c751e8b465ee728b)
Start importing Assets/M_table.fbx using Guid(864875f5d595b7f45b94b0b66cb1617c) Importer(815301076,1909f56bfc062723c751e8b465ee728b)  -> (artifact id: '7d3f9a8d5cfbaef8c13bb99dd7a75ea1') in 0.023408 seconds
Number of updated asset objects reloaded before import = 0
Number of asset objects unloaded after import = 16
========================================================================
Received Import Request.
  Time since last request: 601.155069 seconds.
  path: Assets/3612.FBX
  artifactKey: Guid(c28a9d5a2232d734c8dfacdd78e3bb64) Importer(815301076,1909f56bfc062723c751e8b465ee728b)
Start importing Assets/3612.FBX using Guid(c28a9d5a2232d734c8dfacdd78e3bb64) Importer(815301076,1909f56bfc062723c751e8b465ee728b)  -> (artifact id: '8ccc14c484ede0b66136755e288cc2dc') in 1.528237 seconds
Number of updated asset objects reloaded before import = 0
Number of asset objects unloaded after import = 2027
========================================================================
Received Import Request.
  Time since last request: 475.203232 seconds.
  path: Assets/tool_cart1used1.obj
  artifactKey: Guid(c078c8171a9684a46874359e3486754a) Importer(815301076,1909f56bfc062723c751e8b465ee728b)
Start importing Assets/tool_cart1used1.obj using Guid(c078c8171a9684a46874359e3486754a) Importer(815301076,1909f56bfc062723c751e8b465ee728b)  -> (artifact id: '9f2ef803715584594823cf6d045fc574') in 0.067556 seconds
Number of updated asset objects reloaded before import = 0
Number of asset objects unloaded after import = 52
========================================================================
Received Import Request.
  Time since last request: 92.533832 seconds.
  path: Assets/02_-_Default_Base_Color.png
  artifactKey: Guid(3ded5423df6bdf44baac191f81edbfcd) Importer(815301076,1909f56bfc062723c751e8b465ee728b)
Start importing Assets/02_-_Default_Base_Color.png using Guid(3ded5423df6bdf44baac191f81edbfcd) Importer(815301076,1909f56bfc062723c751e8b465ee728b)  -> (artifact id: 'b349e4f260b219f3fe4027ef30246b7c') in 0.015737 seconds
Number of updated asset objects reloaded before import = 0
Number of asset objects unloaded after import = 2
========================================================================
Received Import Request.
  Time since last request: 0.000017 seconds.
  path: Assets/02_-_Default_Normal_DirectX.png
  artifactKey: Guid(d469851cdcb73d9458e52b04541b1c6e) Importer(815301076,1909f56bfc062723c751e8b465ee728b)
Start importing Assets/02_-_Default_Normal_DirectX.png using Guid(d469851cdcb73d9458e52b04541b1c6e) Importer(815301076,1909f56bfc062723c751e8b465ee728b)  -> (artifact id: 'b5cb9e9b4e1955c5c1ffecd760152129') in 0.010631 seconds
Number of updated asset objects reloaded before import = 0
Number of asset objects unloaded after import = 2
========================================================================
Received Import Request.
  Time since last request: 0.000017 seconds.
  path: Assets/02_-_Default_Roughness.png
  artifactKey: Guid(bc9ff5518b3f87f41b514ccd27c1ea0a) Importer(815301076,1909f56bfc062723c751e8b465ee728b)
Start importing Assets/02_-_Default_Roughness.png using Guid(bc9ff5518b3f87f41b514ccd27c1ea0a) Importer(815301076,1909f56bfc062723c751e8b465ee728b)  -> (artifact id: 'a986e342167470feab3d59e8ef5b708c') in 0.013974 seconds
Number of updated asset objects reloaded before import = 0
Number of asset objects unloaded after import = 2
Editor requested this worker to shutdown with reason: Scaling down because of idle timeout
TcpMessagingSession - receive error: operation aborted. errorcode: 995, details: ќпераци€ ввода/вывода была прервана из-за завершени€ потока команд или по запросу приложени€.
AssetImportWorker is now disconnected from the server
Process exiting
Exiting without the bug reporter. Application will terminate with return code 0